[2022-02-25 01:48:25 : INFO] - Could not find file for image: ID=620, file=C:\Bitnami\wordpress-5.7.2-0\apps\wordpress\htdocs/wp-content/uploads/2020/08/demo-screenshot.jpg 
[2022-02-25 01:48:43 : INFO] - Re_Smush_It_Task server status: Online 
[2022-02-25 01:48:44 : INFO] - Could not find file for image: ID=620, file=C:\Bitnami\wordpress-5.7.2-0\apps\wordpress\htdocs/wp-content/uploads/2020/08/demo-screenshot.jpg 
[2022-02-25 01:48:44 : INFO] - 
 
[2022-02-25 01:48:44 : INFO] - Header for logs at time:  Fri, 25 Feb 2022 01:48:44 +0000 on http://localhost/wordpress 
[2022-02-25 01:48:44 : INFO] - WP: 5.8.3 
[2022-02-25 01:48:44 : INFO] - PHP: 7.4.19 (apache2handler, Windows NT DESKTOP-HVPB68M 10.0 build 19043 (Windows 10) AMD64) 
[2022-02-25 01:48:44 : INFO] - MySQL: 5.5.5 
[2022-02-25 01:48:44 : INFO] - WPLANG: en_US 
[2022-02-25 01:48:44 : INFO] - Server: Apache 
[2022-02-25 01:48:44 : INFO] - Outbound connections: N 
[2022-02-25 01:48:44 : INFO] - safe_mode: 0 
[2022-02-25 01:48:44 : INFO] - max_execution_time: 120 
[2022-02-25 01:48:44 : INFO] - memory_limit: 512M (used: 10.8M | 2M) 
[2022-02-25 01:48:44 : INFO] - multisite: N 
[2022-02-25 01:48:44 : INFO] - openssl: OpenSSL 1.1.1k  25 Mar 2021 
[2022-02-25 01:48:44 : INFO] - A total of 1 tasks of type smush found and will be processed in this iteration 
[2022-02-25 01:48:44 : DEBUG] - Lock option (updraft_lock_smush, wp_options) was created in the database 
[2022-02-25 01:48:44 : INFO] - Lock (updraft_lock_smush, wp_options) acquired after initialising the database 
[2022-02-25 01:48:44 : INFO] - Processing task with ID : 70, and type 'smush' 
[2022-02-25 01:48:44 : INFO] - Re_Smush_It_Task - Attachment ID : 3052, Started on : February 25, 2022 01:48:44 
[2022-02-25 01:48:44 : INFO] - 100 
[2022-02-25 01:48:45 : INFO] - Backing up the original image - 2022/02/καθαρισμος-σπιτιου-thumb-updraft-pre-smush-original.jpg 
[2022-02-25 01:48:45 : INFO] - Re_Smush_It_Task - Attachment ID : 3052, Started on : February 25, 2022 01:48:44 
[2022-02-25 01:48:45 : INFO] - 100 
[2022-02-25 01:48:45 : INFO] - Re_Smush_It_Task - Attachment ID : 3052, Started on : February 25, 2022 01:48:44 
[2022-02-25 01:48:45 : INFO] - 100 
[2022-02-25 01:48:46 : INFO] - Successfully optimized the image - C:\Bitnami\wordpress-5.7.2-0\apps\wordpress\htdocs/wp-content/uploads/2022/02/καθαρισμος-σπιτιου-thumb.jpg.The file was compressed from 19.42 KB to 18.74 KB saving 3.51 percent using WP-Optimize 
[2022-02-25 01:48:46 : INFO] - Completed processing task with ID : 70, and type 'smush' 
[2022-02-25 01:48:46 : INFO] - Lock option (updraft_lock_smush, wp_options) released 
[2022-02-25 01:48:46 : INFO] - Successfully processed the queue (smush). 1 tasks were processed out of 1. 
[2022-02-25 01:48:46 : INFO] - Lock option (updraft_lock_smush, wp_options) was deleted from the database 
[2022-02-25 01:48:46 : INFO] - Cleaning up tasks of type (smush). A total of 1 tasks will be deleted. 
[2022-02-25 01:48:47 : INFO] - Could not find file for image: ID=620, file=C:\Bitnami\wordpress-5.7.2-0\apps\wordpress\htdocs/wp-content/uploads/2020/08/demo-screenshot.jpg 
[2022-02-25 01:48:49 : INFO] - Could not find file for image: ID=620, file=C:\Bitnami\wordpress-5.7.2-0\apps\wordpress\htdocs/wp-content/uploads/2020/08/demo-screenshot.jpg 
[2022-02-25 01:48:55 : INFO] - Could not find file for image: ID=620, file=C:\Bitnami\wordpress-5.7.2-0\apps\wordpress\htdocs/wp-content/uploads/2020/08/demo-screenshot.jpg 
[2022-02-25 01:49:02 : INFO] - Could not find file for image: ID=620, file=C:\Bitnami\wordpress-5.7.2-0\apps\wordpress\htdocs/wp-content/uploads/2020/08/demo-screenshot.jpg 
[2022-02-25 01:49:28 : INFO] - Re_Smush_It_Task server status: Online 
[2022-02-25 01:49:29 : INFO] - Could not find file for image: ID=620, file=C:\Bitnami\wordpress-5.7.2-0\apps\wordpress\htdocs/wp-content/uploads/2020/08/demo-screenshot.jpg 
[2022-02-25 01:49:29 : INFO] - 
 
[2022-02-25 01:49:29 : INFO] - Header for logs at time:  Fri, 25 Feb 2022 01:49:29 +0000 on http://localhost/wordpress 
[2022-02-25 01:49:29 : INFO] - WP: 5.8.3 
[2022-02-25 01:49:29 : INFO] - PHP: 7.4.19 (apache2handler, Windows NT DESKTOP-HVPB68M 10.0 build 19043 (Windows 10) AMD64) 
[2022-02-25 01:49:29 : INFO] - MySQL: 5.5.5 
[2022-02-25 01:49:29 : INFO] - WPLANG: en_US 
[2022-02-25 01:49:29 : INFO] - Server: Apache 
[2022-02-25 01:49:29 : INFO] - Outbound connections: N 
[2022-02-25 01:49:29 : INFO] - safe_mode: 0 
[2022-02-25 01:49:29 : INFO] - max_execution_time: 120 
[2022-02-25 01:49:29 : INFO] - memory_limit: 512M (used: 10.8M | 4M) 
[2022-02-25 01:49:29 : INFO] - multisite: N 
[2022-02-25 01:49:29 : INFO] - openssl: OpenSSL 1.1.1k  25 Mar 2021 
[2022-02-25 01:49:29 : INFO] - A total of 1 tasks of type smush found and will be processed in this iteration 
[2022-02-25 01:49:29 : DEBUG] - Lock option (updraft_lock_smush, wp_options) was created in the database 
[2022-02-25 01:49:29 : INFO] - Lock (updraft_lock_smush, wp_options) acquired after initialising the database 
[2022-02-25 01:49:29 : INFO] - Processing task with ID : 71, and type 'smush' 
[2022-02-25 01:49:29 : INFO] - Re_Smush_It_Task - Attachment ID : 3056, Started on : February 25, 2022 01:49:29 
[2022-02-25 01:49:29 : INFO] - 100 
[2022-02-25 01:49:30 : INFO] - Backing up the original image - 2022/02/καθαρισμος-επαγγελματικων-χωρων-thumb-updraft-pre-smush-original.jpg 
[2022-02-25 01:49:30 : INFO] - Re_Smush_It_Task - Attachment ID : 3056, Started on : February 25, 2022 01:49:29 
[2022-02-25 01:49:30 : INFO] - 100 
[2022-02-25 01:49:30 : INFO] - Re_Smush_It_Task - Attachment ID : 3056, Started on : February 25, 2022 01:49:29 
[2022-02-25 01:49:30 : INFO] - 100 
[2022-02-25 01:49:31 : INFO] - Successfully optimized the image - C:\Bitnami\wordpress-5.7.2-0\apps\wordpress\htdocs/wp-content/uploads/2022/02/καθαρισμος-επαγγελματικων-χωρων-thumb.jpg.The file was compressed from 22.08 KB to 21.35 KB saving 3.27 percent using WP-Optimize 
[2022-02-25 01:49:31 : INFO] - Completed processing task with ID : 71, and type 'smush' 
[2022-02-25 01:49:31 : INFO] - Lock option (updraft_lock_smush, wp_options) released 
[2022-02-25 01:49:31 : INFO] - Successfully processed the queue (smush). 1 tasks were processed out of 1. 
[2022-02-25 01:49:31 : INFO] - Lock option (updraft_lock_smush, wp_options) was deleted from the database 
[2022-02-25 01:49:31 : INFO] - Cleaning up tasks of type (smush). A total of 1 tasks will be deleted. 
[2022-02-25 01:49:32 : INFO] - Could not find file for image: ID=620, file=C:\Bitnami\wordpress-5.7.2-0\apps\wordpress\htdocs/wp-content/uploads/2020/08/demo-screenshot.jpg 
[2022-02-25 01:49:34 : INFO] - Could not find file for image: ID=620, file=C:\Bitnami\wordpress-5.7.2-0\apps\wordpress\htdocs/wp-content/uploads/2020/08/demo-screenshot.jpg 
[2022-02-25 01:49:35 : INFO] - Could not find file for image: ID=620, file=C:\Bitnami\wordpress-5.7.2-0\apps\wordpress\htdocs/wp-content/uploads/2020/08/demo-screenshot.jpg 
[2022-02-25 01:49:37 : INFO] - Could not find file for image: ID=620, file=C:\Bitnami\wordpress-5.7.2-0\apps\wordpress\htdocs/wp-content/uploads/2020/08/demo-screenshot.jpg 
[2022-02-25 01:49:37 : INFO] - Could not find file for image: ID=620, file=C:\Bitnami\wordpress-5.7.2-0\apps\wordpress\htdocs/wp-content/uploads/2020/08/demo-screenshot.jpg 
[2022-02-25 01:49:40 : INFO] - Could not find file for image: ID=620, file=C:\Bitnami\wordpress-5.7.2-0\apps\wordpress\htdocs/wp-content/uploads/2020/08/demo-screenshot.jpg 
[2022-02-25 01:50:00 : INFO] - Re_Smush_It_Task server status: Online 
[2022-02-25 01:50:01 : INFO] - Could not find file for image: ID=620, file=C:\Bitnami\wordpress-5.7.2-0\apps\wordpress\htdocs/wp-content/uploads/2020/08/demo-screenshot.jpg 
[2022-02-25 01:50:01 : INFO] - 
 
[2022-02-25 01:50:01 : INFO] - Header for logs at time:  Fri, 25 Feb 2022 01:50:01 +0000 on http://localhost/wordpress 
[2022-02-25 01:50:01 : INFO] - WP: 5.8.3 
[2022-02-25 01:50:01 : INFO] - PHP: 7.4.19 (apache2handler, Windows NT DESKTOP-HVPB68M 10.0 build 19043 (Windows 10) AMD64) 
[2022-02-25 01:50:01 : INFO] - MySQL: 5.5.5 
[2022-02-25 01:50:01 : INFO] - WPLANG: en_US 
[2022-02-25 01:50:01 : INFO] - Server: Apache 
[2022-02-25 01:50:01 : INFO] - Outbound connections: N 
[2022-02-25 01:50:01 : INFO] - safe_mode: 0 
[2022-02-25 01:50:01 : INFO] - max_execution_time: 120 
[2022-02-25 01:50:01 : INFO] - memory_limit: 512M (used: 10.8M | 8M) 
[2022-02-25 01:50:01 : INFO] - multisite: N 
[2022-02-25 01:50:01 : INFO] - openssl: OpenSSL 1.1.1k  25 Mar 2021 
[2022-02-25 01:50:01 : INFO] - A total of 1 tasks of type smush found and will be processed in this iteration 
[2022-02-25 01:50:01 : DEBUG] - Lock option (updraft_lock_smush, wp_options) was created in the database 
[2022-02-25 01:50:01 : INFO] - Lock (updraft_lock_smush, wp_options) acquired after initialising the database 
[2022-02-25 01:50:01 : INFO] - Processing task with ID : 72, and type 'smush' 
[2022-02-25 01:50:01 : INFO] - Re_Smush_It_Task - Attachment ID : 3064, Started on : February 25, 2022 01:50:01 
[2022-02-25 01:50:01 : INFO] - 100 
[2022-02-25 01:50:02 : INFO] - Backing up the original image - 2022/02/καθαρισμος-δαπεδου-thumb-updraft-pre-smush-original.jpg 
[2022-02-25 01:50:02 : INFO] - Re_Smush_It_Task - Attachment ID : 3064, Started on : February 25, 2022 01:50:01 
[2022-02-25 01:50:02 : INFO] - 100 
[2022-02-25 01:50:02 : INFO] - Re_Smush_It_Task - Attachment ID : 3064, Started on : February 25, 2022 01:50:01 
[2022-02-25 01:50:02 : INFO] - 100 
[2022-02-25 01:50:03 : INFO] - Successfully optimized the image - C:\Bitnami\wordpress-5.7.2-0\apps\wordpress\htdocs/wp-content/uploads/2022/02/καθαρισμος-δαπεδου-thumb.jpg.The file was compressed from 17.95 KB to 17.63 KB saving 1.78 percent using WP-Optimize 
[2022-02-25 01:50:03 : INFO] - Completed processing task with ID : 72, and type 'smush' 
[2022-02-25 01:50:03 : INFO] - Lock option (updraft_lock_smush, wp_options) released 
[2022-02-25 01:50:03 : INFO] - Successfully processed the queue (smush). 1 tasks were processed out of 1. 
[2022-02-25 01:50:03 : INFO] - Lock option (updraft_lock_smush, wp_options) was deleted from the database 
[2022-02-25 01:50:03 : INFO] - Cleaning up tasks of type (smush). A total of 1 tasks will be deleted. 
[2022-02-25 01:50:04 : INFO] - Could not find file for image: ID=620, file=C:\Bitnami\wordpress-5.7.2-0\apps\wordpress\htdocs/wp-content/uploads/2020/08/demo-screenshot.jpg 
[2022-02-25 01:50:06 : INFO] - Could not find file for image: ID=620, file=C:\Bitnami\wordpress-5.7.2-0\apps\wordpress\htdocs/wp-content/uploads/2020/08/demo-screenshot.jpg 
[2022-02-25 01:50:08 : INFO] - Could not find file for image: ID=620, file=C:\Bitnami\wordpress-5.7.2-0\apps\wordpress\htdocs/wp-content/uploads/2020/08/demo-screenshot.jpg 
[2022-02-25 01:50:16 : INFO] - Could not find file for image: ID=620, file=C:\Bitnami\wordpress-5.7.2-0\apps\wordpress\htdocs/wp-content/uploads/2020/08/demo-screenshot.jpg 
[2022-02-25 01:50:31 : INFO] - Re_Smush_It_Task server status: Online 
[2022-02-25 01:50:31 : INFO] - Could not find file for image: ID=620, file=C:\Bitnami\wordpress-5.7.2-0\apps\wordpress\htdocs/wp-content/uploads/2020/08/demo-screenshot.jpg 
[2022-02-25 01:50:31 : INFO] - 
 
[2022-02-25 01:50:31 : INFO] - Header for logs at time:  Fri, 25 Feb 2022 01:50:31 +0000 on http://localhost/wordpress 
[2022-02-25 01:50:31 : INFO] - WP: 5.8.3 
[2022-02-25 01:50:31 : INFO] - PHP: 7.4.19 (apache2handler, Windows NT DESKTOP-HVPB68M 10.0 build 19043 (Windows 10) AMD64) 
[2022-02-25 01:50:31 : INFO] - MySQL: 5.5.5 
[2022-02-25 01:50:31 : INFO] - WPLANG: en_US 
[2022-02-25 01:50:31 : INFO] - Server: Apache 
[2022-02-25 01:50:31 : INFO] - Outbound connections: N 
[2022-02-25 01:50:31 : INFO] - safe_mode: 0 
[2022-02-25 01:50:31 : INFO] - max_execution_time: 120 
[2022-02-25 01:50:31 : INFO] - memory_limit: 512M (used: 10.8M | 4M) 
[2022-02-25 01:50:31 : INFO] - multisite: N 
[2022-02-25 01:50:31 : INFO] - openssl: OpenSSL 1.1.1k  25 Mar 2021 
[2022-02-25 01:50:31 : INFO] - A total of 1 tasks of type smush found and will be processed in this iteration 
[2022-02-25 01:50:31 : DEBUG] - Lock option (updraft_lock_smush, wp_options) was created in the database 
[2022-02-25 01:50:31 : INFO] - Lock (updraft_lock_smush, wp_options) acquired after initialising the database 
[2022-02-25 01:50:31 : INFO] - Processing task with ID : 73, and type 'smush' 
[2022-02-25 01:50:31 : INFO] - Re_Smush_It_Task - Attachment ID : 3060, Started on : February 25, 2022 01:50:31 
[2022-02-25 01:50:31 : INFO] - 100 
[2022-02-25 01:50:32 : INFO] - Backing up the original image - 2022/02/καθαρισμος-παραθυρων-thumb-updraft-pre-smush-original.jpg 
[2022-02-25 01:50:32 : INFO] - Re_Smush_It_Task - Attachment ID : 3060, Started on : February 25, 2022 01:50:31 
[2022-02-25 01:50:32 : INFO] - 100 
[2022-02-25 01:50:33 : INFO] - Re_Smush_It_Task - Attachment ID : 3060, Started on : February 25, 2022 01:50:31 
[2022-02-25 01:50:33 : INFO] - 100 
[2022-02-25 01:50:33 : INFO] - Successfully optimized the image - C:\Bitnami\wordpress-5.7.2-0\apps\wordpress\htdocs/wp-content/uploads/2022/02/καθαρισμος-παραθυρων-thumb.jpg.The file was compressed from 23.32 KB to 22.69 KB saving 2.68 percent using WP-Optimize 
[2022-02-25 01:50:34 : INFO] - Completed processing task with ID : 73, and type 'smush' 
[2022-02-25 01:50:34 : INFO] - Lock option (updraft_lock_smush, wp_options) released 
[2022-02-25 01:50:34 : INFO] - Successfully processed the queue (smush). 1 tasks were processed out of 1. 
[2022-02-25 01:50:34 : INFO] - Lock option (updraft_lock_smush, wp_options) was deleted from the database 
[2022-02-25 01:50:34 : INFO] - Cleaning up tasks of type (smush). A total of 1 tasks will be deleted. 
[2022-02-25 01:50:35 : INFO] - Could not find file for image: ID=620, file=C:\Bitnami\wordpress-5.7.2-0\apps\wordpress\htdocs/wp-content/uploads/2020/08/demo-screenshot.jpg 
[2022-02-25 01:50:37 : INFO] - Could not find file for image: ID=620, file=C:\Bitnami\wordpress-5.7.2-0\apps\wordpress\htdocs/wp-content/uploads/2020/08/demo-screenshot.jpg 
[2022-02-25 01:50:37 : INFO] - Could not find file for image: ID=620, file=C:\Bitnami\wordpress-5.7.2-0\apps\wordpress\htdocs/wp-content/uploads/2020/08/demo-screenshot.jpg 
[2022-02-25 01:50:39 : INFO] - Could not find file for image: ID=620, file=C:\Bitnami\wordpress-5.7.2-0\apps\wordpress\htdocs/wp-content/uploads/2020/08/demo-screenshot.jpg 
[2022-02-25 01:50:39 : INFO] - Could not find file for image: ID=620, file=C:\Bitnami\wordpress-5.7.2-0\apps\wordpress\htdocs/wp-content/uploads/2020/08/demo-screenshot.jpg 
[2022-02-25 01:50:41 : INFO] - Could not find file for image: ID=620, file=C:\Bitnami\wordpress-5.7.2-0\apps\wordpress\htdocs/wp-content/uploads/2020/08/demo-screenshot.jpg 
[2022-02-25 01:50:48 : INFO] - Re_Smush_It_Task server status: Online 
[2022-02-25 01:50:49 : INFO] - Could not find file for image: ID=620, file=C:\Bitnami\wordpress-5.7.2-0\apps\wordpress\htdocs/wp-content/uploads/2020/08/demo-screenshot.jpg 
[2022-02-25 01:50:49 : INFO] - 
 
[2022-02-25 01:50:49 : INFO] - Header for logs at time:  Fri, 25 Feb 2022 01:50:49 +0000 on http://localhost/wordpress 
[2022-02-25 01:50:49 : INFO] - WP: 5.8.3 
[2022-02-25 01:50:49 : INFO] - PHP: 7.4.19 (apache2handler, Windows NT DESKTOP-HVPB68M 10.0 build 19043 (Windows 10) AMD64) 
[2022-02-25 01:50:49 : INFO] - MySQL: 5.5.5 
[2022-02-25 01:50:49 : INFO] - WPLANG: en_US 
[2022-02-25 01:50:49 : INFO] - Server: Apache 
[2022-02-25 01:50:49 : INFO] - Outbound connections: N 
[2022-02-25 01:50:49 : INFO] - safe_mode: 0 
[2022-02-25 01:50:49 : INFO] - max_execution_time: 120 
[2022-02-25 01:50:49 : INFO] - memory_limit: 512M (used: 10.8M | 2M) 
[2022-02-25 01:50:49 : INFO] - multisite: N 
[2022-02-25 01:50:49 : INFO] - openssl: OpenSSL 1.1.1k  25 Mar 2021 
[2022-02-25 01:50:49 : INFO] - A total of 1 tasks of type smush found and will be processed in this iteration 
[2022-02-25 01:50:49 : DEBUG] - Lock option (updraft_lock_smush, wp_options) was created in the database 
[2022-02-25 01:50:49 : INFO] - Lock (updraft_lock_smush, wp_options) acquired after initialising the database 
[2022-02-25 01:50:49 : INFO] - Processing task with ID : 74, and type 'smush' 
[2022-02-25 01:50:49 : INFO] - Re_Smush_It_Task - Attachment ID : 3072, Started on : February 25, 2022 01:50:49 
[2022-02-25 01:50:49 : INFO] - 100 
[2022-02-25 01:50:50 : INFO] - Backing up the original image - 2022/02/καθαρισμος-πολυκατοικιων-thumb-updraft-pre-smush-original.jpg 
[2022-02-25 01:50:50 : INFO] - Re_Smush_It_Task - Attachment ID : 3072, Started on : February 25, 2022 01:50:49 
[2022-02-25 01:50:50 : INFO] - 100 
[2022-02-25 01:50:50 : INFO] - Re_Smush_It_Task - Attachment ID : 3072, Started on : February 25, 2022 01:50:49 
[2022-02-25 01:50:50 : INFO] - 100 
[2022-02-25 01:50:51 : INFO] - Successfully optimized the image - C:\Bitnami\wordpress-5.7.2-0\apps\wordpress\htdocs/wp-content/uploads/2022/02/καθαρισμος-πολυκατοικιων-thumb.jpg.The file was compressed from 16.86 KB to 16.03 KB saving 4.96 percent using WP-Optimize 
[2022-02-25 01:50:51 : INFO] - Completed processing task with ID : 74, and type 'smush' 
[2022-02-25 01:50:51 : INFO] - Lock option (updraft_lock_smush, wp_options) released 
[2022-02-25 01:50:51 : INFO] - Successfully processed the queue (smush). 1 tasks were processed out of 1. 
[2022-02-25 01:50:51 : INFO] - Lock option (updraft_lock_smush, wp_options) was deleted from the database 
[2022-02-25 01:50:51 : INFO] - Cleaning up tasks of type (smush). A total of 1 tasks will be deleted. 
[2022-02-25 01:50:52 : INFO] - Could not find file for image: ID=620, file=C:\Bitnami\wordpress-5.7.2-0\apps\wordpress\htdocs/wp-content/uploads/2020/08/demo-screenshot.jpg 
[2022-02-25 01:50:54 : INFO] - Could not find file for image: ID=620, file=C:\Bitnami\wordpress-5.7.2-0\apps\wordpress\htdocs/wp-content/uploads/2020/08/demo-screenshot.jpg 
[2022-02-25 01:50:56 : INFO] - Could not find file for image: ID=620, file=C:\Bitnami\wordpress-5.7.2-0\apps\wordpress\htdocs/wp-content/uploads/2020/08/demo-screenshot.jpg 
[2022-02-25 01:51:03 : INFO] - Re_Smush_It_Task server status: Online 
[2022-02-25 01:51:04 : INFO] - Could not find file for image: ID=620, file=C:\Bitnami\wordpress-5.7.2-0\apps\wordpress\htdocs/wp-content/uploads/2020/08/demo-screenshot.jpg 
[2022-02-25 01:51:04 : INFO] - 
 
[2022-02-25 01:51:04 : INFO] - Header for logs at time:  Fri, 25 Feb 2022 01:51:04 +0000 on http://localhost/wordpress 
[2022-02-25 01:51:04 : INFO] - WP: 5.8.3 
[2022-02-25 01:51:04 : INFO] - PHP: 7.4.19 (apache2handler, Windows NT DESKTOP-HVPB68M 10.0 build 19043 (Windows 10) AMD64) 
[2022-02-25 01:51:04 : INFO] - MySQL: 5.5.5 
[2022-02-25 01:51:04 : INFO] - WPLANG: en_US 
[2022-02-25 01:51:04 : INFO] - Server: Apache 
[2022-02-25 01:51:04 : INFO] - Outbound connections: N 
[2022-02-25 01:51:04 : INFO] - safe_mode: 0 
[2022-02-25 01:51:04 : INFO] - max_execution_time: 120 
[2022-02-25 01:51:04 : INFO] - memory_limit: 512M (used: 10.8M | 2M) 
[2022-02-25 01:51:04 : INFO] - multisite: N 
[2022-02-25 01:51:04 : INFO] - openssl: OpenSSL 1.1.1k  25 Mar 2021 
[2022-02-25 01:51:04 : INFO] - A total of 1 tasks of type smush found and will be processed in this iteration 
[2022-02-25 01:51:04 : DEBUG] - Lock option (updraft_lock_smush, wp_options) was created in the database 
[2022-02-25 01:51:04 : INFO] - Lock (updraft_lock_smush, wp_options) acquired after initialising the database 
[2022-02-25 01:51:04 : INFO] - Processing task with ID : 75, and type 'smush' 
[2022-02-25 01:51:04 : INFO] - Re_Smush_It_Task - Attachment ID : 3068, Started on : February 25, 2022 01:51:04 
[2022-02-25 01:51:04 : INFO] - 100 
[2022-02-25 01:51:06 : INFO] - Backing up the original image - 2022/02/οικολογικος-καθαρισμος-thumb-updraft-pre-smush-original.jpg 
[2022-02-25 01:51:06 : INFO] - Re_Smush_It_Task - Attachment ID : 3068, Started on : February 25, 2022 01:51:04 
[2022-02-25 01:51:06 : INFO] - 100 
[2022-02-25 01:51:06 : INFO] - Re_Smush_It_Task - Attachment ID : 3068, Started on : February 25, 2022 01:51:04 
[2022-02-25 01:51:06 : INFO] - 100 
[2022-02-25 01:51:07 : INFO] - Could not find file for image: ID=620, file=C:\Bitnami\wordpress-5.7.2-0\apps\wordpress\htdocs/wp-content/uploads/2020/08/demo-screenshot.jpg 
[2022-02-25 01:51:07 : INFO] - Successfully optimized the image - C:\Bitnami\wordpress-5.7.2-0\apps\wordpress\htdocs/wp-content/uploads/2022/02/οικολογικος-καθαρισμος-thumb.jpg.The file was compressed from 32.35 KB to 30.71 KB saving 5.06 percent using WP-Optimize 
[2022-02-25 01:51:07 : INFO] - Completed processing task with ID : 75, and type 'smush' 
[2022-02-25 01:51:07 : INFO] - Lock option (updraft_lock_smush, wp_options) released 
[2022-02-25 01:51:07 : INFO] - Successfully processed the queue (smush). 1 tasks were processed out of 1. 
[2022-02-25 01:51:07 : INFO] - Lock option (updraft_lock_smush, wp_options) was deleted from the database 
[2022-02-25 01:51:07 : INFO] - Cleaning up tasks of type (smush). A total of 1 tasks will be deleted. 
[2022-02-25 01:51:10 : INFO] - Could not find file for image: ID=620, file=C:\Bitnami\wordpress-5.7.2-0\apps\wordpress\htdocs/wp-content/uploads/2020/08/demo-screenshot.jpg 
[2022-02-25 01:51:12 : INFO] - Could not find file for image: ID=620, file=C:\Bitnami\wordpress-5.7.2-0\apps\wordpress\htdocs/wp-content/uploads/2020/08/demo-screenshot.jpg 
[2022-02-25 01:51:13 : INFO] - Could not find file for image: ID=620, file=C:\Bitnami\wordpress-5.7.2-0\apps\wordpress\htdocs/wp-content/uploads/2020/08/demo-screenshot.jpg 
[2022-02-25 01:51:14 : INFO] - Could not find file for image: ID=620, file=C:\Bitnami\wordpress-5.7.2-0\apps\wordpress\htdocs/wp-content/uploads/2020/08/demo-screenshot.jpg 
[2022-02-25 01:51:15 : INFO] - Could not find file for image: ID=620, file=C:\Bitnami\wordpress-5.7.2-0\apps\wordpress\htdocs/wp-content/uploads/2020/08/demo-screenshot.jpg 
[2022-02-25 01:51:17 : INFO] - Could not find file for image: ID=620, file=C:\Bitnami\wordpress-5.7.2-0\apps\wordpress\htdocs/wp-content/uploads/2020/08/demo-screenshot.jpg 
