Feb 19 2022 21:21:26
{"type":2,"message":"POST Content-Length of 264325953 bytes exceeds the limit of 41943040 bytes","file":"Unknown","line":0}

Feb 19 2022 21:21:29
{"Number":2,"Message":"filesize(): stat failed for C:\\Bitnami\\wordpress-5.7.2-0\\apps\\wordpress\\htdocs\\wp-content\\plugins\\all-in-one-wp-migration\\storage\\rxnt2k7m26r2\\localhost-wordpress-20220212-094320-2e5nf8.wpress","File":"C:\\Bitnami\\wordpress-5.7.2-0\\apps\\wordpress\\htdocs\\wp-content\\plugins\\all-in-one-wp-migration\\functions.php","Line":299}

Feb 19 2022 21:21:29
{"Number":2,"Message":"Division by zero","File":"C:\\Bitnami\\wordpress-5.7.2-0\\apps\\wordpress\\htdocs\\wp-content\\plugins\\all-in-one-wp-migration\\lib\\model\\import\\class-ai1wm-import-validate.php","Line":79}

Feb 19 2022 21:21:29
{"Number":2,"Message":"fopen(C:\\Bitnami\\wordpress-5.7.2-0\\apps\\wordpress\\htdocs\\wp-content\\plugins\\all-in-one-wp-migration\\storage\\rxnt2k7m26r2\\localhost-wordpress-20220212-094320-2e5nf8.wpress): failed to open stream: No such file or directory","File":"C:\\Bitnami\\wordpress-5.7.2-0\\apps\\wordpress\\htdocs\\wp-content\\plugins\\all-in-one-wp-migration\\lib\\vendor\\servmask\\archiver\\class-ai1wm-archiver.php","Line":98}

Feb 19 2022 21:22:27
{"type":2,"message":"POST Content-Length of 264325953 bytes exceeds the limit of 41943040 bytes","file":"Unknown","line":0}

Feb 19 2022 21:22:30
{"Number":2,"Message":"filesize(): stat failed for C:\\Bitnami\\wordpress-5.7.2-0\\apps\\wordpress\\htdocs\\wp-content\\plugins\\all-in-one-wp-migration\\storage\\76w9x10yd1r6\\localhost-wordpress-20220212-094320-2e5nf8.wpress","File":"C:\\Bitnami\\wordpress-5.7.2-0\\apps\\wordpress\\htdocs\\wp-content\\plugins\\all-in-one-wp-migration\\functions.php","Line":299}

Feb 19 2022 21:22:30
{"Number":2,"Message":"Division by zero","File":"C:\\Bitnami\\wordpress-5.7.2-0\\apps\\wordpress\\htdocs\\wp-content\\plugins\\all-in-one-wp-migration\\lib\\model\\import\\class-ai1wm-import-validate.php","Line":79}

Feb 19 2022 21:22:30
{"Number":2,"Message":"fopen(C:\\Bitnami\\wordpress-5.7.2-0\\apps\\wordpress\\htdocs\\wp-content\\plugins\\all-in-one-wp-migration\\storage\\76w9x10yd1r6\\localhost-wordpress-20220212-094320-2e5nf8.wpress): failed to open stream: No such file or directory","File":"C:\\Bitnami\\wordpress-5.7.2-0\\apps\\wordpress\\htdocs\\wp-content\\plugins\\all-in-one-wp-migration\\lib\\vendor\\servmask\\archiver\\class-ai1wm-archiver.php","Line":98}

Feb 19 2022 21:24:47
{"type":2,"message":"POST Content-Length of 264325953 bytes exceeds the limit of 41943040 bytes","file":"Unknown","line":0}

Feb 19 2022 21:24:51
{"Number":2,"Message":"filesize(): stat failed for C:\\Bitnami\\wordpress-5.7.2-0\\apps\\wordpress\\htdocs\\wp-content\\plugins\\all-in-one-wp-migration\\storage\\3hihp5mznda1\\localhost-wordpress-20220212-094320-2e5nf8.wpress","File":"C:\\Bitnami\\wordpress-5.7.2-0\\apps\\wordpress\\htdocs\\wp-content\\plugins\\all-in-one-wp-migration\\functions.php","Line":299}

Feb 19 2022 21:24:51
{"Number":2,"Message":"Division by zero","File":"C:\\Bitnami\\wordpress-5.7.2-0\\apps\\wordpress\\htdocs\\wp-content\\plugins\\all-in-one-wp-migration\\lib\\model\\import\\class-ai1wm-import-validate.php","Line":79}

Feb 19 2022 21:24:51
{"Number":2,"Message":"fopen(C:\\Bitnami\\wordpress-5.7.2-0\\apps\\wordpress\\htdocs\\wp-content\\plugins\\all-in-one-wp-migration\\storage\\3hihp5mznda1\\localhost-wordpress-20220212-094320-2e5nf8.wpress): failed to open stream: No such file or directory","File":"C:\\Bitnami\\wordpress-5.7.2-0\\apps\\wordpress\\htdocs\\wp-content\\plugins\\all-in-one-wp-migration\\lib\\vendor\\servmask\\archiver\\class-ai1wm-archiver.php","Line":98}

